  edge_collapse.cpp
C:/dev/vcpkg/installed/x64-windows/include\CGAL/Named_function_parameters.h(127,56): error C2039: 'base': is not a member of 'CGAL::Surface_mesh_simplification::Midpoint_placement<Surface_mesh>'
C:\Users\bminj\OneDrive\Desktop\surface-simplification\edge_collapse.cpp(15,44): message : see declaration of 'CGAL::Surface_mesh_simplification::Midpoint_placement<Surface_mesh>'
C:/dev/vcpkg/installed/x64-windows/include\CGAL/boost/graph/named_params_helper.h(149,1): message : see reference to class template instantiation 'CGAL::internal_np::Lookup_named_param_def<CGAL::internal_np::vertex_point_t,NamedParametersVPM,CGAL::internal_np::Param_not_found>' being compiled
          with
          [
              NamedParametersVPM=m_placement
          ]
C:/dev/vcpkg/installed/x64-windows/include\CGAL/Surface_mesh_simplification/edge_collapse.h(93,1): message : see reference to class template instantiation 'CGAL::GetGeomTraits<TM,NamedParameters,NamedParametersGT>' being compiled
          with
          [
              TM=Surface_mesh,
              NamedParameters=m_placement,
              NamedParametersGT=m_placement
          ]
C:\Users\bminj\OneDrive\Desktop\surface-simplification\edge_collapse.cpp(33,17): message : see reference to function template instantiation 'int CGAL::Surface_mesh_simplification::edge_collapse<Surface_mesh,CGAL::Surface_mesh_simplification::Count_ratio_stop_predicate<Surface_mesh>,m_placement>(TM &,const ShouldStop &,const NamedParameters &)' being compiled
          with
          [
              TM=Surface_mesh,
              ShouldStop=CGAL::Surface_mesh_simplification::Count_ratio_stop_predicate<Surface_mesh>,
              NamedParameters=m_placement
          ]
C:/dev/vcpkg/installed/x64-windows/include\CGAL/Named_function_parameters.h(127,1): error C2146: syntax error: missing '>' before identifier 'base'
C:/dev/vcpkg/installed/x64-windows/include\CGAL/Named_function_parameters.h(127,62): error C2062: type 'unknown-type' unexpected
C:/dev/vcpkg/installed/x64-windows/include\CGAL/Named_function_parameters.h(127,74): error C2039: 'type': is not a member of '`global namespace''
C:/dev/vcpkg/installed/x64-windows/include\CGAL/Named_function_parameters.h(127,62): error C2238: unexpected token(s) preceding ';'
C:/dev/vcpkg/installed/x64-windows/include\CGAL/Named_function_parameters.h(128,56): error C2039: 'base': is not a member of 'CGAL::Surface_mesh_simplification::Midpoint_placement<Surface_mesh>'
C:\Users\bminj\OneDrive\Desktop\surface-simplification\edge_collapse.cpp(15,44): message : see declaration of 'CGAL::Surface_mesh_simplification::Midpoint_placement<Surface_mesh>'
C:/dev/vcpkg/installed/x64-windows/include\CGAL/Named_function_parameters.h(128,1): error C2146: syntax error: missing '>' before identifier 'base'
C:/dev/vcpkg/installed/x64-windows/include\CGAL/Named_function_parameters.h(128,62): error C2062: type 'unknown-type' unexpected
C:/dev/vcpkg/installed/x64-windows/include\CGAL/Named_function_parameters.h(128,74): error C2039: 'reference': is not a member of '`global namespace''
C:/dev/vcpkg/installed/x64-windows/include\CGAL/Named_function_parameters.h(128,62): error C2238: unexpected token(s) preceding ';'
C:/dev/vcpkg/installed/x64-windows/include\CGAL/Named_function_parameters.h(131,20): error C2065: 'NP_type': undeclared identifier
C:/dev/vcpkg/installed/x64-windows/include\CGAL/Named_function_parameters.h(131,12): error C2923: 'boost::is_same': 'NP_type' is not a valid template type argument for parameter 'T'
C:/dev/vcpkg/installed/x64-windows/include\CGAL/Named_function_parameters.h(131,20): message : see declaration of 'NP_type'
C:/dev/vcpkg/installed/x64-windows/include\CGAL/Named_function_parameters.h(132,8): error C2065: 'NP_type': undeclared identifier
C:/dev/vcpkg/installed/x64-windows/include\CGAL/Named_function_parameters.h(131,12): error C3203: 'is_same': unspecialized class template can't be used as a template argument for template parameter 'T1', expected a real type
C:/dev/vcpkg/installed/x64-windows/include\CGAL/Named_function_parameters.h(130,32): error C2923: 'boost::mpl::if_': 'NP_type' is not a valid template type argument for parameter 'T3'
C:/dev/vcpkg/installed/x64-windows/include\CGAL/Named_function_parameters.h(132,8): message : see declaration of 'NP_type'
C:/dev/vcpkg/installed/x64-windows/include\CGAL/Named_function_parameters.h(132,18): error C2955: 'boost::mpl::if_': use of class template requires template argument list
C:/dev/vcpkg/installed/x64-windows/include\boost/mpl/aux_/preprocessed/plain/bind.hpp(469,58): message : see declaration of 'boost::mpl::if_'
C:/dev/vcpkg/installed/x64-windows/include\CGAL/Named_function_parameters.h(136,20): error C2065: 'NP_reference': undeclared identifier
C:/dev/vcpkg/installed/x64-windows/include\CGAL/Named_function_parameters.h(136,12): error C2923: 'boost::is_same': 'NP_reference' is not a valid template type argument for parameter 'T'
C:/dev/vcpkg/installed/x64-windows/include\CGAL/Named_function_parameters.h(136,20): message : see declaration of 'NP_reference'
C:/dev/vcpkg/installed/x64-windows/include\CGAL/Named_function_parameters.h(137,9): error C2065: 'NP_reference': undeclared identifier
C:/dev/vcpkg/installed/x64-windows/include\CGAL/Named_function_parameters.h(136,12): error C3203: 'is_same': unspecialized class template can't be used as a template argument for template parameter 'T1', expected a real type
C:/dev/vcpkg/installed/x64-windows/include\CGAL/Named_function_parameters.h(135,32): error C2923: 'boost::mpl::if_': 'NP_reference' is not a valid template type argument for parameter 'T3'
C:/dev/vcpkg/installed/x64-windows/include\CGAL/Named_function_parameters.h(137,9): message : see declaration of 'NP_reference'
C:/dev/vcpkg/installed/x64-windows/include\CGAL/Named_function_parameters.h(137,24): error C2955: 'boost::mpl::if_': use of class template requires template argument list
C:/dev/vcpkg/installed/x64-windows/include\boost/mpl/aux_/preprocessed/plain/bind.hpp(469,58): message : see declaration of 'boost::mpl::if_'
C:/dev/vcpkg/installed/x64-windows/include\CGAL/Surface_mesh_simplification/edge_collapse.h(99,64): error C2672: 'get_parameter': no matching overloaded function found
C:/dev/vcpkg/installed/x64-windows/include\CGAL/Named_function_parameters.h(304,1): message : could be 'internal_np::Get_param<CGAL::internal_np::Named_params_impl<T,Tag,Base>,Query_tag>::type CGAL::parameters::get_parameter(const CGAL::Named_function_parameters<T,Tag,Base> &,Query_tag)'
C:/dev/vcpkg/installed/x64-windows/include\CGAL/Surface_mesh_simplification/edge_collapse.h(99,64): message : 'internal_np::Get_param<CGAL::internal_np::Named_params_impl<T,Tag,Base>,Query_tag>::type CGAL::parameters::get_parameter(const CGAL::Named_function_parameters<T,Tag,Base> &,Query_tag)': could not deduce template argument for 'const CGAL::Named_function_parameters<T,Tag,Base> &' from 'const NamedParameters'
          with
          [
              NamedParameters=m_placement
          ]
C:/dev/vcpkg/installed/x64-windows/include\CGAL/Surface_mesh_simplification/edge_collapse.h(101,51): error C2672: 'get_parameter': no matching overloaded function found
C:/dev/vcpkg/installed/x64-windows/include\CGAL/Surface_mesh_simplification/edge_collapse.h(101,1): fatal  error C1003: error count exceeds 100; stopping compilation
